Arguments: 
  D:\Software\nodejs\node.exe D:\Software\Yarn\bin\yarn.js add marked@4.0.14

PATH: 
  C:\WINDOWS\system32;C:\WINDOWS;C:\WINDOWS\System32\Wbem;C:\WINDOWS\System32\WindowsPowerShell\v1.0\;C:\WINDOWS\System32\OpenSSH\;D:\Software\nodejs\;D:\Software\Yarn\bin\;C:\Program Files\Git\cmd;C:\Program Files\Docker\Docker\resources\bin;C:\ProgramData\DockerDesktop\version-bin;C:\Users\lsrigenbaoyinwu\AppData\Local\Programs\Microsoft VS Code\bin;C:\Users\lsrigenbaoyinwu\AppData\Roaming\npm;C:\Users\lsrigenbaoyinwu\AppData\Local\Yarn\bin;C:\Users\lsrigenbaoyinwu\AppData\Local\Microsoft\WindowsApps;

Yarn version: 
  1.22.5

Node version: 
  14.16.1

Platform: 
  win32 x64

Trace: 
  Error: connect ETIMEDOUT 172.26.22.15:4873
      at TCPConnectWrap.afterConnect [as oncomplete] (net.js:1146:16)

npm manifest: 
  {
    "name": "gulu-ui-1",
    "version": "0.0.0",
    "scripts": {
      "dev": "vite",
      "build": "vite build"
    },
    "dependencies": {
      "github-markdown-css": "^5.1.0",
      "marked": "^4.0.14",
      "vue": "3.0.0-rc.1",
      "vue-router": "^4.0.0-beta.3"
    },
    "devDependencies": {
      "@vue/compiler-sfc": "3.0.0-rc.1",
      "sass": "^1.26.10",
      "vite": "1.0.0-rc.1"
    }
  }

yarn manifest: 
  No manifest

Lockfile: 
  No lockfile
